<?xml version="1.0" encoding="UTF-8"?>
<!-- Generated by org.testng.reporters.JUnitXMLReporter -->
<testsuite ignored="0" hostname="DESKTOP-GNR3B53" failures="1" tests="6" name="ChromeTest" time="71.734" errors="0" timestamp="2024-05-12T20:45:56 IST">
  <testcase classname="com.qa.testLayer.DDTestCases" name="contactFormTesting" time="6.805"/>
  <testcase classname="com.qa.testLayer.DDTestCases" name="contactFormTesting" time="6.849"/>
  <testcase classname="com.qa.testLayer.DDTestCases" name="contactFormTesting" time="6.875"/>
  <testcase classname="com.qa.testLayer.TestCases" name="verifyBuyProcessOfNexus6" time="4.086">
    <failure type="java.lang.AssertionError" message="null">
      <![CDATA[java.lang.AssertionError: null
at com.qa.testLayer.TestCases.verifyBuyProcessOfNexus6(TestCases.java:53)
at java.base/java.util.ArrayList.forEach(ArrayList.java:1511)
... Removed 29 stack frames]]>
    </failure>
  </testcase> <!-- verifyBuyProcessOfNexus6 -->
  <testcase classname="com.qa.testLayer.TestCases" name="verifyBuyProcessOfNokiaLumia1520" time="6.273"/>
  <testcase classname="com.qa.testLayer.TestCases" name="verifyBuyProcessOfSamsungGalaxyS6" time="6.289"/>
</testsuite> <!-- ChromeTest -->
